<?xml version="1.0" encoding="UTF-8"?>
<!-- Generated by org.testng.reporters.JUnitXMLReporter -->
<testsuite hostname="ItsmyAccount-PC" name="AllTestScenarios" tests="7" failures="0" timestamp="16 Nov 2016 05:51:17 GMT" time="501.013" errors="0">
  <testcase name="AddRole" time="119.067" classname="dashboard.Managerole"/>
  <testcase name="EditRole" time="95.772" classname="dashboard.Managerole"/>
  <testcase name="DeleteRole" time="69.107" classname="dashboard.Managerole"/>
  <testcase name="AddNewRole" time="72.38" classname="dashboard.Managerole"/>
  <testcase name="Login" time="35.504" classname="dashboard.RoleAvailabilityCheckingInManageMembers"/>
  <testcase name="RoleAvailability" time="30.622" classname="dashboard.RoleAvailabilityCheckingInManageMembers"/>
  <testcase name="DeleteRoleAfterAssignToMember" time="40.629" classname="dashboard.RoleAvailabilityCheckingInManageMembers"/>
</testsuite> <!-- AllTestScenarios -->
